
Model: componentsAccuracy: 0.5976
Precision: 0.9699
Recall: 0.7291
F1 Score: 0.7496
Confusion Matrix:
71 0 0 0 0 0 0 0 0 0 0 0 0 0 0 0
0 2 0 0 0 0 0 0 0 0 0 0 0 0 0 0
1 0 2 0 0 0 0 0 0 0 0 0 0 0 0 0
0 0 0 2 0 0 0 0 0 0 0 0 0 0 0 0
0 0 0 0 2 0 0 0 0 0 0 0 0 0 0 0
0 0 0 0 0 2 0 0 0 0 0 0 0 0 0 0
0 0 0 0 0 0 2 0 0 0 0 0 0 0 0 0
0 0 0 0 0 0 0 2 0 0 0 0 0 0 0 0
1 0 0 0 0 0 0 0 1 0 0 0 0 0 0 0
0 0 0 0 0 0 0 0 0 1 0 0 0 0 0 0
29 0 0 0 0 0 0 0 0 0 2 0 0 0 0 0
8 0 0 0 0 0 0 0 0 0 0 1 0 0 0 0
8 0 0 0 0 0 0 0 0 0 0 0 3 0 0 0
0 0 0 0 0 0 0 0 0 0 0 0 0 2 0 0
0 0 0 0 0 0 0 0 0 0 0 0 0 0 2 0
19 0 0 0 0 0 0 0 0 0 0 0 0 0 0 1

//////////////////////////////////////////////////////////////////////////////////////////////

